<?xml version="1.0" encoding="UTF-8"?>
<TestRun id="17c56256-243e-4285-bbfa-0c4113ff81c6" name="ashok.majumder@CHELT0304 2014-12-25 16:28:29" runUser="CORP\ashok.majumder" xmlns="http://microsoft.com/schemas/VisualStudio/TeamTest/2010">
  <TestSettings name="Local" id="c17585ab-bac9-4721-bb24-d025c851577c">
    <Description>These are default test settings for a local test run.</Description>
    <Deployment enabled="false" runDeploymentRoot="ashok.majumder_CHELT0304 2014-12-25 16_28_29">
      <DeploymentItem filename="D:\CodingTest\CodingTest\TestFramework\bin\Debug\TestFramework.dll" />
    </Deployment>
    <Execution>
      <TestTypeSpecific />
      <AgentRule name="Execution Agents">
      </AgentRule>
    </Execution>
  </TestSettings>
  <Times creation="2014-12-25T16:28:29.4554216+05:30" queuing="2014-12-25T16:28:29.4652706+05:30" start="2014-12-25T16:28:29.4702759+05:30" finish="2014-12-25T16:29:11.1755264+05:30" />
  <ResultSummary outcome="Failed">
    <Counters total="5" executed="5" passed="3" error="0" failed="2" timeout="0" aborted="0" inconclusive="0" passedButRunAborted="0" notRunnable="0" notExecuted="0" disconnected="0" warning="0" completed="0" inProgress="0" pending="0" />
  </ResultSummary>
  <TestDefinitions>
    <UnitTest name="AddTwoInteger" storage="d:\codingtest\codingtest\tests\bin\debug\tests.dll" id="9a20c1b5-5e7f-f1e6-0a25-f6296eb304d5">
      <Execution id="897c3080-61b1-4eba-a148-0717f276c217" />
      <TestMethod codeBase="D:/CodingTest/CodingTest/Tests/bin/Debug/Tests.DLL" adapterTypeName="Microsoft.VisualStudio.TestTools.TestTypes.Unit.UnitTestAdapter, Microsoft.VisualStudio.QualityTools.Tips.UnitTest.Adapter, Version=10.0.0.0, Culture=neutral, PublicKeyToken=b03f5f7f11d50a3a" className="Tests.CodingTests, Tests, Version=1.0.0.0, Culture=neutral, PublicKeyToken=null" name="AddTwoInteger" />
    </UnitTest>
    <UnitTest name="Able_To_LaunchApplication_In_Chrome" storage="d:\codingtest\codingtest\tests\bin\debug\tests.dll" id="c2a98bfe-7249-2b3d-1309-042004bcc94c">
      <Execution id="cafeda9f-902f-4188-a34e-a860679cce9d" />
      <TestMethod codeBase="D:/CodingTest/CodingTest/Tests/bin/Debug/Tests.DLL" adapterTypeName="Microsoft.VisualStudio.TestTools.TestTypes.Unit.UnitTestAdapter, Microsoft.VisualStudio.QualityTools.Tips.UnitTest.Adapter, Version=10.0.0.0, Culture=neutral, PublicKeyToken=b03f5f7f11d50a3a" className="Tests.CodingTests, Tests, Version=1.0.0.0, Culture=neutral, PublicKeyToken=null" name="Able_To_LaunchApplication_In_Chrome" />
    </UnitTest>
    <UnitTest name="AddTwoFloatNumber" storage="d:\codingtest\codingtest\tests\bin\debug\tests.dll" id="75a2aa73-5963-9cff-214a-bcdfc9d448d7">
      <Execution id="971debd0-75c3-4c69-a7a5-c103125bcfe0" />
      <TestMethod codeBase="D:/CodingTest/CodingTest/Tests/bin/Debug/Tests.DLL" adapterTypeName="Microsoft.VisualStudio.TestTools.TestTypes.Unit.UnitTestAdapter, Microsoft.VisualStudio.QualityTools.Tips.UnitTest.Adapter, Version=10.0.0.0, Culture=neutral, PublicKeyToken=b03f5f7f11d50a3a" className="Tests.CodingTests, Tests, Version=1.0.0.0, Culture=neutral, PublicKeyToken=null" name="AddTwoFloatNumber" />
    </UnitTest>
    <UnitTest name="AddTwoDoubleNumber" storage="d:\codingtest\codingtest\tests\bin\debug\tests.dll" id="771074cc-1157-d121-49ab-2c1c12bfa98f">
      <Execution id="951ec9fb-0639-49f3-9e12-4229394f9a4c" />
      <TestMethod codeBase="D:/CodingTest/CodingTest/Tests/bin/Debug/Tests.DLL" adapterTypeName="Microsoft.VisualStudio.TestTools.TestTypes.Unit.UnitTestAdapter, Microsoft.VisualStudio.QualityTools.Tips.UnitTest.Adapter, Version=10.0.0.0, Culture=neutral, PublicKeyToken=b03f5f7f11d50a3a" className="Tests.CodingTests, Tests, Version=1.0.0.0, Culture=neutral, PublicKeyToken=null" name="AddTwoDoubleNumber" />
    </UnitTest>
    <UnitTest name="Able_To_LaunchApplication_In_Firefox" storage="d:\codingtest\codingtest\tests\bin\debug\tests.dll" id="e574ea86-ce58-1bc3-18ed-6256a8419ea7">
      <Execution id="e1931640-d356-4916-8172-f0ac0baadd8f" />
      <TestMethod codeBase="D:/CodingTest/CodingTest/Tests/bin/Debug/Tests.DLL" adapterTypeName="Microsoft.VisualStudio.TestTools.TestTypes.Unit.UnitTestAdapter, Microsoft.VisualStudio.QualityTools.Tips.UnitTest.Adapter, Version=10.0.0.0, Culture=neutral, PublicKeyToken=b03f5f7f11d50a3a" className="Tests.CodingTests, Tests, Version=1.0.0.0, Culture=neutral, PublicKeyToken=null" name="Able_To_LaunchApplication_In_Firefox" />
    </UnitTest>
  </TestDefinitions>
  <TestLists>
    <TestList name="Results Not in a List" id="8c84fa94-04c1-424b-9868-57a2d4851a1d" />
    <TestList name="All Loaded Results" id="19431567-8539-422a-85d7-44ee4e166bda" />
  </TestLists>
  <TestEntries>
    <TestEntry testId="75a2aa73-5963-9cff-214a-bcdfc9d448d7" executionId="971debd0-75c3-4c69-a7a5-c103125bcfe0" testListId="8c84fa94-04c1-424b-9868-57a2d4851a1d" />
    <TestEntry testId="771074cc-1157-d121-49ab-2c1c12bfa98f" executionId="951ec9fb-0639-49f3-9e12-4229394f9a4c" testListId="8c84fa94-04c1-424b-9868-57a2d4851a1d" />
    <TestEntry testId="9a20c1b5-5e7f-f1e6-0a25-f6296eb304d5" executionId="897c3080-61b1-4eba-a148-0717f276c217" testListId="8c84fa94-04c1-424b-9868-57a2d4851a1d" />
    <TestEntry testId="c2a98bfe-7249-2b3d-1309-042004bcc94c" executionId="cafeda9f-902f-4188-a34e-a860679cce9d" testListId="8c84fa94-04c1-424b-9868-57a2d4851a1d" />
    <TestEntry testId="e574ea86-ce58-1bc3-18ed-6256a8419ea7" executionId="e1931640-d356-4916-8172-f0ac0baadd8f" testListId="8c84fa94-04c1-424b-9868-57a2d4851a1d" />
  </TestEntries>
  <Results>
    <UnitTestResult executionId="971debd0-75c3-4c69-a7a5-c103125bcfe0" testId="75a2aa73-5963-9cff-214a-bcdfc9d448d7" testName="AddTwoFloatNumber" computerName="CHELT0304" duration="00:00:08.6197733" startTime="2014-12-25T16:28:29.5363209+05:30" endTime="2014-12-25T16:28:38.3085230+05:30" testType="13cdc9d9-ddb5-4fa4-a97d-d965ccfc6d4b" outcome="Passed" testListId="8c84fa94-04c1-424b-9868-57a2d4851a1d" relativeResultsDirectory="971debd0-75c3-4c69-a7a5-c103125bcfe0">
    </UnitTestResult>
    <UnitTestResult executionId="951ec9fb-0639-49f3-9e12-4229394f9a4c" testId="771074cc-1157-d121-49ab-2c1c12bfa98f" testName="AddTwoDoubleNumber" computerName="CHELT0304" duration="00:00:07.8787435" startTime="2014-12-25T16:28:38.3145246+05:30" endTime="2014-12-25T16:28:46.2007702+05:30" testType="13cdc9d9-ddb5-4fa4-a97d-d965ccfc6d4b" outcome="Passed" testListId="8c84fa94-04c1-424b-9868-57a2d4851a1d" relativeResultsDirectory="951ec9fb-0639-49f3-9e12-4229394f9a4c">
    </UnitTestResult>
    <UnitTestResult executionId="897c3080-61b1-4eba-a148-0717f276c217" testId="9a20c1b5-5e7f-f1e6-0a25-f6296eb304d5" testName="AddTwoInteger" computerName="CHELT0304" duration="00:00:07.0108293" startTime="2014-12-25T16:28:46.2187818+05:30" endTime="2014-12-25T16:28:53.2379620+05:30" testType="13cdc9d9-ddb5-4fa4-a97d-d965ccfc6d4b" outcome="Passed" testListId="8c84fa94-04c1-424b-9868-57a2d4851a1d" relativeResultsDirectory="897c3080-61b1-4eba-a148-0717f276c217">
    </UnitTestResult>
    <UnitTestResult executionId="cafeda9f-902f-4188-a34e-a860679cce9d" testId="c2a98bfe-7249-2b3d-1309-042004bcc94c" testName="Able_To_LaunchApplication_In_Chrome" computerName="CHELT0304" duration="00:00:07.4091288" startTime="2014-12-25T16:28:53.2499660+05:30" endTime="2014-12-25T16:29:00.6745147+05:30" testType="13cdc9d9-ddb5-4fa4-a97d-d965ccfc6d4b" outcome="Failed" testListId="8c84fa94-04c1-424b-9868-57a2d4851a1d" relativeResultsDirectory="cafeda9f-902f-4188-a34e-a860679cce9d">
      <Output>
        <ErrorInfo>
          <Message>Assert.IsTrue failed. </Message>
          <StackTrace>   at Tests.CodingTests.Able_To_LaunchApplication_In_Chrome() in D:\CodingTest\CodingTest\Tests\CodingTests.cs:line 15
</StackTrace>
        </ErrorInfo>
      </Output>
    </UnitTestResult>
    <UnitTestResult executionId="e1931640-d356-4916-8172-f0ac0baadd8f" testId="e574ea86-ce58-1bc3-18ed-6256a8419ea7" testName="Able_To_LaunchApplication_In_Firefox" computerName="CHELT0304" duration="00:00:10.4275331" startTime="2014-12-25T16:29:00.6864947+05:30" endTime="2014-12-25T16:29:11.1325242+05:30" testType="13cdc9d9-ddb5-4fa4-a97d-d965ccfc6d4b" outcome="Failed" testListId="8c84fa94-04c1-424b-9868-57a2d4851a1d" relativeResultsDirectory="e1931640-d356-4916-8172-f0ac0baadd8f">
      <Output>
        <ErrorInfo>
          <Message>Assert.AreEqual failed. Expected:&lt;5&gt;. Actual:&lt;answer&gt;. </Message>
          <StackTrace>   at Tests.CodingTests.Able_To_LaunchApplication_In_Firefox() in D:\CodingTest\CodingTest\Tests\CodingTests.cs:line 23
</StackTrace>
        </ErrorInfo>
      </Output>
    </UnitTestResult>
  </Results>
</TestRun>