<?xml version="1.0" encoding="UTF-8"?>
<TestRun id="4bd9c17a-c90e-4ca0-af1f-5c46c21bc922" name="ashok.majumder@CHELT0304 2014-12-27 16:20:38" runUser="CORP\ashok.majumder" xmlns="http://microsoft.com/schemas/VisualStudio/TeamTest/2010">
  <TestSettings name="Local" id="c17585ab-bac9-4721-bb24-d025c851577c">
    <Description>These are default test settings for a local test run.</Description>
    <Deployment enabled="false" runDeploymentRoot="ashok.majumder_CHELT0304 2014-12-27 16_20_38">
      <DeploymentItem filename="D:\CodingTest\TestFramework\bin\Release\TestFramework.dll" />
    </Deployment>
    <Execution>
      <TestTypeSpecific />
      <AgentRule name="Execution Agents">
      </AgentRule>
    </Execution>
  </TestSettings>
  <Times creation="2014-12-27T16:20:38.6948154+05:30" queuing="2014-12-27T16:20:38.7359347+05:30" start="2014-12-27T16:20:38.7449409+05:30" finish="2014-12-27T16:24:42.9099674+05:30" />
  <ResultSummary outcome="Failed">
    <Counters total="21" executed="21" passed="10" error="0" failed="11" timeout="0" aborted="0" inconclusive="0" passedButRunAborted="0" notRunnable="0" notExecuted="0" disconnected="0" warning="0" completed="0" inProgress="0" pending="0" />
  </ResultSummary>
  <TestDefinitions>
    <UnitTest name="PerformAddWithOneElement" storage="d:\codingtest\tests\bin\release\tests.dll" id="8d64b605-9590-3642-9df4-002fea98941d">
      <TestCategory>
        <TestCategoryItem TestCategory="NegativeTests" />
      </TestCategory>
      <Execution id="e18b58cf-bfa0-4b8e-be1b-b4160fbf1099" />
      <TestMethod codeBase="D:/CodingTest/Tests/bin/Release/Tests.DLL" adapterTypeName="Microsoft.VisualStudio.TestTools.TestTypes.Unit.UnitTestAdapter, Microsoft.VisualStudio.QualityTools.Tips.UnitTest.Adapter, Version=10.0.0.0, Culture=neutral, PublicKeyToken=b03f5f7f11d50a3a" className="Tests.ErrorScenarioTests, Tests, Version=1.0.0.0, Culture=neutral, PublicKeyToken=null" name="PerformAddWithOneElement" />
    </UnitTest>
    <UnitTest name="LaunchCalculatorInChromeWithHttp" storage="d:\codingtest\tests\bin\release\tests.dll" id="afabbce5-680e-3afb-bb08-a65f4ff80546">
      <Execution id="ef5bf89b-b479-4d46-9b3a-3b68d6018e25" />
      <TestMethod codeBase="D:/CodingTest/Tests/bin/Release/Tests.DLL" adapterTypeName="Microsoft.VisualStudio.TestTools.TestTypes.Unit.UnitTestAdapter, Microsoft.VisualStudio.QualityTools.Tips.UnitTest.Adapter, Version=10.0.0.0, Culture=neutral, PublicKeyToken=b03f5f7f11d50a3a" className="Tests.MultipleBrowserTests, Tests, Version=1.0.0.0, Culture=neutral, PublicKeyToken=null" name="LaunchCalculatorInChromeWithHttp" />
    </UnitTest>
    <UnitTest name="AddIntWithDoubleResultsPositiveNum" storage="d:\codingtest\tests\bin\release\tests.dll" id="d41015ab-d44f-6f3a-82b6-b755a1fef58f">
      <TestCategory>
        <TestCategoryItem TestCategory="FunctionalTests" />
      </TestCategory>
      <Execution id="50079fc3-1cb8-407b-ad02-64144ec2011c" />
      <TestMethod codeBase="D:/CodingTest/Tests/bin/Release/Tests.DLL" adapterTypeName="Microsoft.VisualStudio.TestTools.TestTypes.Unit.UnitTestAdapter, Microsoft.VisualStudio.QualityTools.Tips.UnitTest.Adapter, Version=10.0.0.0, Culture=neutral, PublicKeyToken=b03f5f7f11d50a3a" className="Tests.AddNumberOfDifferentDatatype, Tests, Version=1.0.0.0, Culture=neutral, PublicKeyToken=null" name="AddIntWithDoubleResultsPositiveNum" />
    </UnitTest>
    <UnitTest name="Able_To_LaunchApplication_In_Chrome" storage="d:\codingtest\tests\bin\release\tests.dll" id="5d87968a-a9ed-539b-f5f0-e74989f63aa5">
      <Execution id="27db7cb9-fd2a-466a-aeca-7e3ec3819059" />
      <TestMethod codeBase="D:/CodingTest/Tests/bin/Release/Tests.DLL" adapterTypeName="Microsoft.VisualStudio.TestTools.TestTypes.Unit.UnitTestAdapter, Microsoft.VisualStudio.QualityTools.Tips.UnitTest.Adapter, Version=10.0.0.0, Culture=neutral, PublicKeyToken=b03f5f7f11d50a3a" className="Tests.MultipleBrowserTests, Tests, Version=1.0.0.0, Culture=neutral, PublicKeyToken=null" name="Able_To_LaunchApplication_In_Chrome" />
    </UnitTest>
    <UnitTest name="Able_To_LaunchApplication_In_Firefox" storage="d:\codingtest\tests\bin\release\tests.dll" id="1ba2a117-8d69-9453-6aa7-4564e202176b">
      <TestCategory>
        <TestCategoryItem TestCategory="SanityTests" />
      </TestCategory>
      <Execution id="ef3ae101-576c-4d58-96be-81f2b339bb6c" />
      <TestMethod codeBase="D:/CodingTest/Tests/bin/Release/Tests.DLL" adapterTypeName="Microsoft.VisualStudio.TestTools.TestTypes.Unit.UnitTestAdapter, Microsoft.VisualStudio.QualityTools.Tips.UnitTest.Adapter, Version=10.0.0.0, Culture=neutral, PublicKeyToken=b03f5f7f11d50a3a" className="Tests.MultipleBrowserTests, Tests, Version=1.0.0.0, Culture=neutral, PublicKeyToken=null" name="Able_To_LaunchApplication_In_Firefox" />
    </UnitTest>
    <UnitTest name="LaunchCalculatorInFirefoxWithHttp" storage="d:\codingtest\tests\bin\release\tests.dll" id="25f9fe45-f9fa-657f-817e-51efd322b950">
      <TestCategory>
        <TestCategoryItem TestCategory="SanityTests" />
      </TestCategory>
      <Execution id="bdaec38d-73ec-42b8-a6e8-62fb6bccc7f5" />
      <TestMethod codeBase="D:/CodingTest/Tests/bin/Release/Tests.DLL" adapterTypeName="Microsoft.VisualStudio.TestTools.TestTypes.Unit.UnitTestAdapter, Microsoft.VisualStudio.QualityTools.Tips.UnitTest.Adapter, Version=10.0.0.0, Culture=neutral, PublicKeyToken=b03f5f7f11d50a3a" className="Tests.MultipleBrowserTests, Tests, Version=1.0.0.0, Culture=neutral, PublicKeyToken=null" name="LaunchCalculatorInFirefoxWithHttp" />
    </UnitTest>
    <UnitTest name="AddPositiveAndNegativeDoubleNumberResultsNegativeDoubleNumber" storage="d:\codingtest\tests\bin\release\tests.dll" id="2e789af7-7463-c6b6-24fd-d67d4c0815aa">
      <TestCategory>
        <TestCategoryItem TestCategory="FunctionalTests" />
      </TestCategory>
      <Execution id="3e2cbddd-4581-4957-bcdc-4f7ef07736e2" />
      <TestMethod codeBase="D:/CodingTest/Tests/bin/Release/Tests.DLL" adapterTypeName="Microsoft.VisualStudio.TestTools.TestTypes.Unit.UnitTestAdapter, Microsoft.VisualStudio.QualityTools.Tips.UnitTest.Adapter, Version=10.0.0.0, Culture=neutral, PublicKeyToken=b03f5f7f11d50a3a" className="Tests.AddTwoNumberTests, Tests, Version=1.0.0.0, Culture=neutral, PublicKeyToken=null" name="AddPositiveAndNegativeDoubleNumberResultsNegativeDoubleNumber" />
    </UnitTest>
    <UnitTest name="AddTwoString" storage="d:\codingtest\tests\bin\release\tests.dll" id="b923aa96-49be-73b8-6f8c-471c92eff67e">
      <TestCategory>
        <TestCategoryItem TestCategory="NegativeTests" />
      </TestCategory>
      <Execution id="39341176-e32a-4e4d-9c81-957f093ce9c0" />
      <TestMethod codeBase="D:/CodingTest/Tests/bin/Release/Tests.DLL" adapterTypeName="Microsoft.VisualStudio.TestTools.TestTypes.Unit.UnitTestAdapter, Microsoft.VisualStudio.QualityTools.Tips.UnitTest.Adapter, Version=10.0.0.0, Culture=neutral, PublicKeyToken=b03f5f7f11d50a3a" className="Tests.ErrorScenarioTests, Tests, Version=1.0.0.0, Culture=neutral, PublicKeyToken=null" name="AddTwoString" />
    </UnitTest>
    <UnitTest name="AddIntWithDoubleResultsNegativeNum" storage="d:\codingtest\tests\bin\release\tests.dll" id="797177dd-547f-f863-7b63-e3129b981149">
      <TestCategory>
        <TestCategoryItem TestCategory="FunctionalTests" />
      </TestCategory>
      <Execution id="f3feb790-eef8-40ae-9bad-d2734246908f" />
      <TestMethod codeBase="D:/CodingTest/Tests/bin/Release/Tests.DLL" adapterTypeName="Microsoft.VisualStudio.TestTools.TestTypes.Unit.UnitTestAdapter, Microsoft.VisualStudio.QualityTools.Tips.UnitTest.Adapter, Version=10.0.0.0, Culture=neutral, PublicKeyToken=b03f5f7f11d50a3a" className="Tests.AddNumberOfDifferentDatatype, Tests, Version=1.0.0.0, Culture=neutral, PublicKeyToken=null" name="AddIntWithDoubleResultsNegativeNum" />
    </UnitTest>
    <UnitTest name="AddDoubleWithString" storage="d:\codingtest\tests\bin\release\tests.dll" id="373e2c1a-2b7e-7544-deb1-9490e5a77828">
      <TestCategory>
        <TestCategoryItem TestCategory="FunctionalTests" />
      </TestCategory>
      <Execution id="f2f4cda7-f3e0-42a1-8a19-b87532af7c77" />
      <TestMethod codeBase="D:/CodingTest/Tests/bin/Release/Tests.DLL" adapterTypeName="Microsoft.VisualStudio.TestTools.TestTypes.Unit.UnitTestAdapter, Microsoft.VisualStudio.QualityTools.Tips.UnitTest.Adapter, Version=10.0.0.0, Culture=neutral, PublicKeyToken=b03f5f7f11d50a3a" className="Tests.AddNumberOfDifferentDatatype, Tests, Version=1.0.0.0, Culture=neutral, PublicKeyToken=null" name="AddDoubleWithString" />
    </UnitTest>
    <UnitTest name="AddIntWithString" storage="d:\codingtest\tests\bin\release\tests.dll" id="91cdd6e2-2504-8ba2-1aea-4fab1d53d62c">
      <TestCategory>
        <TestCategoryItem TestCategory="FunctionalTests" />
      </TestCategory>
      <Execution id="028f848f-d176-4ad6-9f35-1afcc17b1ee9" />
      <TestMethod codeBase="D:/CodingTest/Tests/bin/Release/Tests.DLL" adapterTypeName="Microsoft.VisualStudio.TestTools.TestTypes.Unit.UnitTestAdapter, Microsoft.VisualStudio.QualityTools.Tips.UnitTest.Adapter, Version=10.0.0.0, Culture=neutral, PublicKeyToken=b03f5f7f11d50a3a" className="Tests.AddNumberOfDifferentDatatype, Tests, Version=1.0.0.0, Culture=neutral, PublicKeyToken=null" name="AddIntWithString" />
    </UnitTest>
    <UnitTest name="AddPositiveAndNegativeIntNumberResultsNegativeNumber" storage="d:\codingtest\tests\bin\release\tests.dll" id="d12a0570-333d-51e3-6656-49dc63a67429">
      <TestCategory>
        <TestCategoryItem TestCategory="FunctionalTests" />
      </TestCategory>
      <Execution id="bf1d13d5-3f73-4a1a-a269-e165728813c7" />
      <TestMethod codeBase="D:/CodingTest/Tests/bin/Release/Tests.DLL" adapterTypeName="Microsoft.VisualStudio.TestTools.TestTypes.Unit.UnitTestAdapter, Microsoft.VisualStudio.QualityTools.Tips.UnitTest.Adapter, Version=10.0.0.0, Culture=neutral, PublicKeyToken=b03f5f7f11d50a3a" className="Tests.AddTwoNumberTests, Tests, Version=1.0.0.0, Culture=neutral, PublicKeyToken=null" name="AddPositiveAndNegativeIntNumberResultsNegativeNumber" />
    </UnitTest>
    <UnitTest name="AddPositiveAndNegativeDoubleNumberResultsPositiveDoubleNumber" storage="d:\codingtest\tests\bin\release\tests.dll" id="95a5cf5c-6abc-75b3-6e0d-bfa44c96f30e">
      <TestCategory>
        <TestCategoryItem TestCategory="FunctionalTests" />
      </TestCategory>
      <Execution id="97f76076-6359-4b62-925c-10b0d9eca164" />
      <TestMethod codeBase="D:/CodingTest/Tests/bin/Release/Tests.DLL" adapterTypeName="Microsoft.VisualStudio.TestTools.TestTypes.Unit.UnitTestAdapter, Microsoft.VisualStudio.QualityTools.Tips.UnitTest.Adapter, Version=10.0.0.0, Culture=neutral, PublicKeyToken=b03f5f7f11d50a3a" className="Tests.AddTwoNumberTests, Tests, Version=1.0.0.0, Culture=neutral, PublicKeyToken=null" name="AddPositiveAndNegativeDoubleNumberResultsPositiveDoubleNumber" />
    </UnitTest>
    <UnitTest name="AddTwoPositiveIntegerResultsPositiveNum" storage="d:\codingtest\tests\bin\release\tests.dll" id="5351adc4-8803-a8e4-0690-bd9f49cd90bd">
      <TestCategory>
        <TestCategoryItem TestCategory="FunctionalTests" />
        <TestCategoryItem TestCategory="SanityTests" />
      </TestCategory>
      <Execution id="2c055b8a-5049-4e9a-88bd-5373bad0a774" />
      <TestMethod codeBase="D:/CodingTest/Tests/bin/Release/Tests.DLL" adapterTypeName="Microsoft.VisualStudio.TestTools.TestTypes.Unit.UnitTestAdapter, Microsoft.VisualStudio.QualityTools.Tips.UnitTest.Adapter, Version=10.0.0.0, Culture=neutral, PublicKeyToken=b03f5f7f11d50a3a" className="Tests.AddTwoNumberTests, Tests, Version=1.0.0.0, Culture=neutral, PublicKeyToken=null" name="AddTwoPositiveIntegerResultsPositiveNum" />
    </UnitTest>
    <UnitTest name="AddTwoNegativeDoubleNumber" storage="d:\codingtest\tests\bin\release\tests.dll" id="10f9a2d3-57a1-4697-9fe4-04c7e7df2c6b">
      <TestCategory>
        <TestCategoryItem TestCategory="FunctionalTests" />
      </TestCategory>
      <Execution id="1b841f12-5ef7-4883-aef1-a356ee27c0c1" />
      <TestMethod codeBase="D:/CodingTest/Tests/bin/Release/Tests.DLL" adapterTypeName="Microsoft.VisualStudio.TestTools.TestTypes.Unit.UnitTestAdapter, Microsoft.VisualStudio.QualityTools.Tips.UnitTest.Adapter, Version=10.0.0.0, Culture=neutral, PublicKeyToken=b03f5f7f11d50a3a" className="Tests.AddTwoNumberTests, Tests, Version=1.0.0.0, Culture=neutral, PublicKeyToken=null" name="AddTwoNegativeDoubleNumber" />
    </UnitTest>
    <UnitTest name="LaunchCalculatorInIEWithHttp" storage="d:\codingtest\tests\bin\release\tests.dll" id="33856be3-af6d-1ae0-281e-dff8bfeaa968">
      <Execution id="0503bd3f-92cb-4aba-a049-4c5b29eaf08e" />
      <TestMethod codeBase="D:/CodingTest/Tests/bin/Release/Tests.DLL" adapterTypeName="Microsoft.VisualStudio.TestTools.TestTypes.Unit.UnitTestAdapter, Microsoft.VisualStudio.QualityTools.Tips.UnitTest.Adapter, Version=10.0.0.0, Culture=neutral, PublicKeyToken=b03f5f7f11d50a3a" className="Tests.MultipleBrowserTests, Tests, Version=1.0.0.0, Culture=neutral, PublicKeyToken=null" name="LaunchCalculatorInIEWithHttp" />
    </UnitTest>
    <UnitTest name="AddTwoPositiveIntegerResultsOutofRangeValue" storage="d:\codingtest\tests\bin\release\tests.dll" id="801cb26d-cb8f-9c82-3db7-f5c93dcc20fe">
      <TestCategory>
        <TestCategoryItem TestCategory="FunctionalTests" />
      </TestCategory>
      <Execution id="284dd79f-907c-472c-be60-ba2033fb35f6" />
      <TestMethod codeBase="D:/CodingTest/Tests/bin/Release/Tests.DLL" adapterTypeName="Microsoft.VisualStudio.TestTools.TestTypes.Unit.UnitTestAdapter, Microsoft.VisualStudio.QualityTools.Tips.UnitTest.Adapter, Version=10.0.0.0, Culture=neutral, PublicKeyToken=b03f5f7f11d50a3a" className="Tests.AddTwoNumberTests, Tests, Version=1.0.0.0, Culture=neutral, PublicKeyToken=null" name="AddTwoPositiveIntegerResultsOutofRangeValue" />
    </UnitTest>
    <UnitTest name="AddTwoNumberWhenOperatorMissing" storage="d:\codingtest\tests\bin\release\tests.dll" id="f0029f6e-1410-3164-5c51-c844f9266c0d">
      <TestCategory>
        <TestCategoryItem TestCategory="NegativeTests" />
      </TestCategory>
      <Execution id="013c25e2-0703-4574-a2a5-a48dc0e492f4" />
      <TestMethod codeBase="D:/CodingTest/Tests/bin/Release/Tests.DLL" adapterTypeName="Microsoft.VisualStudio.TestTools.TestTypes.Unit.UnitTestAdapter, Microsoft.VisualStudio.QualityTools.Tips.UnitTest.Adapter, Version=10.0.0.0, Culture=neutral, PublicKeyToken=b03f5f7f11d50a3a" className="Tests.ErrorScenarioTests, Tests, Version=1.0.0.0, Culture=neutral, PublicKeyToken=null" name="AddTwoNumberWhenOperatorMissing" />
    </UnitTest>
    <UnitTest name="AddTwoNegativeIntNumber" storage="d:\codingtest\tests\bin\release\tests.dll" id="3771df68-334e-5d0b-672f-a47b803b8ee9">
      <TestCategory>
        <TestCategoryItem TestCategory="FunctionalTests" />
      </TestCategory>
      <Execution id="591a7216-f005-4a8f-ab41-9c98a09c5d50" />
      <TestMethod codeBase="D:/CodingTest/Tests/bin/Release/Tests.DLL" adapterTypeName="Microsoft.VisualStudio.TestTools.TestTypes.Unit.UnitTestAdapter, Microsoft.VisualStudio.QualityTools.Tips.UnitTest.Adapter, Version=10.0.0.0, Culture=neutral, PublicKeyToken=b03f5f7f11d50a3a" className="Tests.AddTwoNumberTests, Tests, Version=1.0.0.0, Culture=neutral, PublicKeyToken=null" name="AddTwoNegativeIntNumber" />
    </UnitTest>
    <UnitTest name="AddTwoDoubleNumber" storage="d:\codingtest\tests\bin\release\tests.dll" id="db269ade-e6c0-aaeb-4e3d-302eb3b507c4">
      <TestCategory>
        <TestCategoryItem TestCategory="SanityTests" />
        <TestCategoryItem TestCategory="FunctionalTests" />
      </TestCategory>
      <Execution id="9f59dcc3-c126-46b9-b9dd-11029f10b02d" />
      <TestMethod codeBase="D:/CodingTest/Tests/bin/Release/Tests.DLL" adapterTypeName="Microsoft.VisualStudio.TestTools.TestTypes.Unit.UnitTestAdapter, Microsoft.VisualStudio.QualityTools.Tips.UnitTest.Adapter, Version=10.0.0.0, Culture=neutral, PublicKeyToken=b03f5f7f11d50a3a" className="Tests.AddTwoNumberTests, Tests, Version=1.0.0.0, Culture=neutral, PublicKeyToken=null" name="AddTwoDoubleNumber" />
    </UnitTest>
    <UnitTest name="AddPositiveAndNegativeIntNumberResultsPositiveNumber" storage="d:\codingtest\tests\bin\release\tests.dll" id="ad4eb0b6-f395-2fe5-8116-51b519d6771d">
      <TestCategory>
        <TestCategoryItem TestCategory="FunctionalTests" />
      </TestCategory>
      <Execution id="a089d24f-8b8a-4ec0-9674-4c723109a037" />
      <TestMethod codeBase="D:/CodingTest/Tests/bin/Release/Tests.DLL" adapterTypeName="Microsoft.VisualStudio.TestTools.TestTypes.Unit.UnitTestAdapter, Microsoft.VisualStudio.QualityTools.Tips.UnitTest.Adapter, Version=10.0.0.0, Culture=neutral, PublicKeyToken=b03f5f7f11d50a3a" className="Tests.AddTwoNumberTests, Tests, Version=1.0.0.0, Culture=neutral, PublicKeyToken=null" name="AddPositiveAndNegativeIntNumberResultsPositiveNumber" />
    </UnitTest>
  </TestDefinitions>
  <TestLists>
    <TestList name="Results Not in a List" id="8c84fa94-04c1-424b-9868-57a2d4851a1d" />
    <TestList name="All Loaded Results" id="19431567-8539-422a-85d7-44ee4e166bda" />
  </TestLists>
  <TestEntries>
    <TestEntry testId="10f9a2d3-57a1-4697-9fe4-04c7e7df2c6b" executionId="1b841f12-5ef7-4883-aef1-a356ee27c0c1" testListId="8c84fa94-04c1-424b-9868-57a2d4851a1d" />
    <TestEntry testId="1ba2a117-8d69-9453-6aa7-4564e202176b" executionId="ef3ae101-576c-4d58-96be-81f2b339bb6c" testListId="8c84fa94-04c1-424b-9868-57a2d4851a1d" />
    <TestEntry testId="25f9fe45-f9fa-657f-817e-51efd322b950" executionId="bdaec38d-73ec-42b8-a6e8-62fb6bccc7f5" testListId="8c84fa94-04c1-424b-9868-57a2d4851a1d" />
    <TestEntry testId="2e789af7-7463-c6b6-24fd-d67d4c0815aa" executionId="3e2cbddd-4581-4957-bcdc-4f7ef07736e2" testListId="8c84fa94-04c1-424b-9868-57a2d4851a1d" />
    <TestEntry testId="33856be3-af6d-1ae0-281e-dff8bfeaa968" executionId="0503bd3f-92cb-4aba-a049-4c5b29eaf08e" testListId="8c84fa94-04c1-424b-9868-57a2d4851a1d" />
    <TestEntry testId="373e2c1a-2b7e-7544-deb1-9490e5a77828" executionId="f2f4cda7-f3e0-42a1-8a19-b87532af7c77" testListId="8c84fa94-04c1-424b-9868-57a2d4851a1d" />
    <TestEntry testId="3771df68-334e-5d0b-672f-a47b803b8ee9" executionId="591a7216-f005-4a8f-ab41-9c98a09c5d50" testListId="8c84fa94-04c1-424b-9868-57a2d4851a1d" />
    <TestEntry testId="5351adc4-8803-a8e4-0690-bd9f49cd90bd" executionId="2c055b8a-5049-4e9a-88bd-5373bad0a774" testListId="8c84fa94-04c1-424b-9868-57a2d4851a1d" />
    <TestEntry testId="5d87968a-a9ed-539b-f5f0-e74989f63aa5" executionId="27db7cb9-fd2a-466a-aeca-7e3ec3819059" testListId="8c84fa94-04c1-424b-9868-57a2d4851a1d" />
    <TestEntry testId="797177dd-547f-f863-7b63-e3129b981149" executionId="f3feb790-eef8-40ae-9bad-d2734246908f" testListId="8c84fa94-04c1-424b-9868-57a2d4851a1d" />
    <TestEntry testId="801cb26d-cb8f-9c82-3db7-f5c93dcc20fe" executionId="284dd79f-907c-472c-be60-ba2033fb35f6" testListId="8c84fa94-04c1-424b-9868-57a2d4851a1d" />
    <TestEntry testId="8d64b605-9590-3642-9df4-002fea98941d" executionId="e18b58cf-bfa0-4b8e-be1b-b4160fbf1099" testListId="8c84fa94-04c1-424b-9868-57a2d4851a1d" />
    <TestEntry testId="91cdd6e2-2504-8ba2-1aea-4fab1d53d62c" executionId="028f848f-d176-4ad6-9f35-1afcc17b1ee9" testListId="8c84fa94-04c1-424b-9868-57a2d4851a1d" />
    <TestEntry testId="95a5cf5c-6abc-75b3-6e0d-bfa44c96f30e" executionId="97f76076-6359-4b62-925c-10b0d9eca164" testListId="8c84fa94-04c1-424b-9868-57a2d4851a1d" />
    <TestEntry testId="ad4eb0b6-f395-2fe5-8116-51b519d6771d" executionId="a089d24f-8b8a-4ec0-9674-4c723109a037" testListId="8c84fa94-04c1-424b-9868-57a2d4851a1d" />
    <TestEntry testId="afabbce5-680e-3afb-bb08-a65f4ff80546" executionId="ef5bf89b-b479-4d46-9b3a-3b68d6018e25" testListId="8c84fa94-04c1-424b-9868-57a2d4851a1d" />
    <TestEntry testId="b923aa96-49be-73b8-6f8c-471c92eff67e" executionId="39341176-e32a-4e4d-9c81-957f093ce9c0" testListId="8c84fa94-04c1-424b-9868-57a2d4851a1d" />
    <TestEntry testId="d12a0570-333d-51e3-6656-49dc63a67429" executionId="bf1d13d5-3f73-4a1a-a269-e165728813c7" testListId="8c84fa94-04c1-424b-9868-57a2d4851a1d" />
    <TestEntry testId="d41015ab-d44f-6f3a-82b6-b755a1fef58f" executionId="50079fc3-1cb8-407b-ad02-64144ec2011c" testListId="8c84fa94-04c1-424b-9868-57a2d4851a1d" />
    <TestEntry testId="db269ade-e6c0-aaeb-4e3d-302eb3b507c4" executionId="9f59dcc3-c126-46b9-b9dd-11029f10b02d" testListId="8c84fa94-04c1-424b-9868-57a2d4851a1d" />
    <TestEntry testId="f0029f6e-1410-3164-5c51-c844f9266c0d" executionId="013c25e2-0703-4574-a2a5-a48dc0e492f4" testListId="8c84fa94-04c1-424b-9868-57a2d4851a1d" />
  </TestEntries>
  <Results>
    <UnitTestResult executionId="1b841f12-5ef7-4883-aef1-a356ee27c0c1" testId="10f9a2d3-57a1-4697-9fe4-04c7e7df2c6b" testName="AddTwoNegativeDoubleNumber" computerName="CHELT0304" duration="00:00:12.4875347" startTime="2014-12-27T16:20:38.7489430+05:30" endTime="2014-12-27T16:20:51.3686585+05:30" testType="13cdc9d9-ddb5-4fa4-a97d-d965ccfc6d4b" outcome="Failed" testListId="8c84fa94-04c1-424b-9868-57a2d4851a1d" relativeResultsDirectory="1b841f12-5ef7-4883-aef1-a356ee27c0c1">
      <Output>
        <ErrorInfo>
          <Message>Assert.AreEqual failed. Expected:&lt;-5.55&gt;. Actual:&lt;&gt;. </Message>
          <StackTrace>   at Tests.AddTwoNumberTests.AddTwoNegativeDoubleNumber() in D:\CodingTest\Tests\AddTwoNumberTests.cs:line 93
</StackTrace>
        </ErrorInfo>
      </Output>
    </UnitTestResult>
    <UnitTestResult executionId="ef3ae101-576c-4d58-96be-81f2b339bb6c" testId="1ba2a117-8d69-9453-6aa7-4564e202176b" testName="Able_To_LaunchApplication_In_Firefox" computerName="CHELT0304" duration="00:00:09.4679508" startTime="2014-12-27T16:20:51.3716608+05:30" endTime="2014-12-27T16:21:00.8463747+05:30" testType="13cdc9d9-ddb5-4fa4-a97d-d965ccfc6d4b" outcome="Passed" testListId="8c84fa94-04c1-424b-9868-57a2d4851a1d" relativeResultsDirectory="ef3ae101-576c-4d58-96be-81f2b339bb6c">
    </UnitTestResult>
    <UnitTestResult executionId="bdaec38d-73ec-42b8-a6e8-62fb6bccc7f5" testId="25f9fe45-f9fa-657f-817e-51efd322b950" testName="LaunchCalculatorInFirefoxWithHttp" computerName="CHELT0304" duration="00:00:08.8865284" startTime="2014-12-27T16:21:00.8543522+05:30" endTime="2014-12-27T16:21:09.7499534+05:30" testType="13cdc9d9-ddb5-4fa4-a97d-d965ccfc6d4b" outcome="Passed" testListId="8c84fa94-04c1-424b-9868-57a2d4851a1d" relativeResultsDirectory="bdaec38d-73ec-42b8-a6e8-62fb6bccc7f5">
    </UnitTestResult>
    <UnitTestResult executionId="3e2cbddd-4581-4957-bcdc-4f7ef07736e2" testId="2e789af7-7463-c6b6-24fd-d67d4c0815aa" testName="AddPositiveAndNegativeDoubleNumberResultsNegativeDoubleNumber" computerName="CHELT0304" duration="00:00:09.3457878" startTime="2014-12-27T16:21:09.7589307+05:30" endTime="2014-12-27T16:21:19.1149279+05:30" testType="13cdc9d9-ddb5-4fa4-a97d-d965ccfc6d4b" outcome="Failed" testListId="8c84fa94-04c1-424b-9868-57a2d4851a1d" relativeResultsDirectory="3e2cbddd-4581-4957-bcdc-4f7ef07736e2">
      <Output>
        <ErrorInfo>
          <Message>Assert.AreEqual failed. Expected:&lt;-10.01&gt;. Actual:&lt;&gt;. </Message>
          <StackTrace>   at Tests.AddTwoNumberTests.AddPositiveAndNegativeDoubleNumberResultsNegativeDoubleNumber() in D:\CodingTest\Tests\AddTwoNumberTests.cs:line 83
</StackTrace>
        </ErrorInfo>
      </Output>
    </UnitTestResult>
    <UnitTestResult executionId="0503bd3f-92cb-4aba-a049-4c5b29eaf08e" testId="33856be3-af6d-1ae0-281e-dff8bfeaa968" testName="LaunchCalculatorInIEWithHttp" computerName="CHELT0304" duration="00:00:03.0187734" startTime="2014-12-27T16:21:19.1229340+05:30" endTime="2014-12-27T16:21:22.1485157+05:30" testType="13cdc9d9-ddb5-4fa4-a97d-d965ccfc6d4b" outcome="Failed" testListId="8c84fa94-04c1-424b-9868-57a2d4851a1d" relativeResultsDirectory="0503bd3f-92cb-4aba-a049-4c5b29eaf08e">
      <Output>
        <ErrorInfo>
          <Message>Assert.IsTrue failed. </Message>
          <StackTrace>   at Tests.MultipleBrowserTests.LaunchCalculatorInIEWithHttp() in D:\CodingTest\Tests\MultipleBrowserTests.cs:line 63
</StackTrace>
        </ErrorInfo>
      </Output>
    </UnitTestResult>
    <UnitTestResult executionId="f2f4cda7-f3e0-42a1-8a19-b87532af7c77" testId="373e2c1a-2b7e-7544-deb1-9490e5a77828" testName="AddDoubleWithString" computerName="CHELT0304" duration="00:00:09.9862139" startTime="2014-12-27T16:21:22.1515184+05:30" endTime="2014-12-27T16:21:32.1421571+05:30" testType="13cdc9d9-ddb5-4fa4-a97d-d965ccfc6d4b" outcome="Failed" testListId="8c84fa94-04c1-424b-9868-57a2d4851a1d" relativeResultsDirectory="f2f4cda7-f3e0-42a1-8a19-b87532af7c77">
      <Output>
        <ErrorInfo>
          <Message>Assert.AreEqual failed. Expected:&lt;Error: Can not add Double with String&gt;. Actual:&lt;answer&gt;. </Message>
          <StackTrace>   at Tests.AddNumberOfDifferentDatatype.AddDoubleWithString() in D:\CodingTest\Tests\AddNumberOfDifferentDatatype.cs:line 44
</StackTrace>
        </ErrorInfo>
      </Output>
    </UnitTestResult>
    <UnitTestResult executionId="591a7216-f005-4a8f-ab41-9c98a09c5d50" testId="3771df68-334e-5d0b-672f-a47b803b8ee9" testName="AddTwoNegativeIntNumber" computerName="CHELT0304" duration="00:00:10.6126510" startTime="2014-12-27T16:21:32.1461607+05:30" endTime="2014-12-27T16:21:42.7649517+05:30" testType="13cdc9d9-ddb5-4fa4-a97d-d965ccfc6d4b" outcome="Failed" testListId="8c84fa94-04c1-424b-9868-57a2d4851a1d" relativeResultsDirectory="591a7216-f005-4a8f-ab41-9c98a09c5d50">
      <Output>
        <ErrorInfo>
          <Message>Assert.AreEqual failed. Expected:&lt;-5&gt;. Actual:&lt;&gt;. </Message>
          <StackTrace>   at Tests.AddTwoNumberTests.AddTwoNegativeIntNumber() in D:\CodingTest\Tests\AddTwoNumberTests.cs:line 54
</StackTrace>
        </ErrorInfo>
      </Output>
    </UnitTestResult>
    <UnitTestResult executionId="2c055b8a-5049-4e9a-88bd-5373bad0a774" testId="5351adc4-8803-a8e4-0690-bd9f49cd90bd" testName="AddTwoPositiveIntegerResultsPositiveNum" computerName="CHELT0304" duration="00:00:10.0624861" startTime="2014-12-27T16:21:42.7749592+05:30" endTime="2014-12-27T16:21:52.8479549+05:30" testType="13cdc9d9-ddb5-4fa4-a97d-d965ccfc6d4b" outcome="Passed" testListId="8c84fa94-04c1-424b-9868-57a2d4851a1d" relativeResultsDirectory="2c055b8a-5049-4e9a-88bd-5373bad0a774">
    </UnitTestResult>
    <UnitTestResult executionId="27db7cb9-fd2a-466a-aeca-7e3ec3819059" testId="5d87968a-a9ed-539b-f5f0-e74989f63aa5" testName="Able_To_LaunchApplication_In_Chrome" computerName="CHELT0304" duration="00:00:07.3858599" startTime="2014-12-27T16:21:52.8559328+05:30" endTime="2014-12-27T16:22:00.2497555+05:30" testType="13cdc9d9-ddb5-4fa4-a97d-d965ccfc6d4b" outcome="Passed" testListId="8c84fa94-04c1-424b-9868-57a2d4851a1d" relativeResultsDirectory="27db7cb9-fd2a-466a-aeca-7e3ec3819059">
    </UnitTestResult>
    <UnitTestResult executionId="f3feb790-eef8-40ae-9bad-d2734246908f" testId="797177dd-547f-f863-7b63-e3129b981149" testName="AddIntWithDoubleResultsNegativeNum" computerName="CHELT0304" duration="00:00:10.9388641" startTime="2014-12-27T16:22:00.2577620+05:30" endTime="2014-12-27T16:22:11.2025608+05:30" testType="13cdc9d9-ddb5-4fa4-a97d-d965ccfc6d4b" outcome="Failed" testListId="8c84fa94-04c1-424b-9868-57a2d4851a1d" relativeResultsDirectory="f3feb790-eef8-40ae-9bad-d2734246908f">
      <Output>
        <ErrorInfo>
          <Message>Assert.AreEqual failed. Expected:&lt;-1.54&gt;. Actual:&lt;&gt;. </Message>
          <StackTrace>   at Tests.AddNumberOfDifferentDatatype.AddIntWithDoubleResultsNegativeNum() in D:\CodingTest\Tests\AddNumberOfDifferentDatatype.cs:line 25
</StackTrace>
        </ErrorInfo>
      </Output>
    </UnitTestResult>
    <UnitTestResult executionId="284dd79f-907c-472c-be60-ba2033fb35f6" testId="801cb26d-cb8f-9c82-3db7-f5c93dcc20fe" testName="AddTwoPositiveIntegerResultsOutofRangeValue" computerName="CHELT0304" duration="00:00:11.2600613" startTime="2014-12-27T16:22:11.2105673+05:30" endTime="2014-12-27T16:22:22.4837008+05:30" testType="13cdc9d9-ddb5-4fa4-a97d-d965ccfc6d4b" outcome="Passed" testListId="8c84fa94-04c1-424b-9868-57a2d4851a1d" relativeResultsDirectory="284dd79f-907c-472c-be60-ba2033fb35f6">
    </UnitTestResult>
    <UnitTestResult executionId="e18b58cf-bfa0-4b8e-be1b-b4160fbf1099" testId="8d64b605-9590-3642-9df4-002fea98941d" testName="PerformAddWithOneElement" computerName="CHELT0304" duration="00:00:09.7626122" startTime="2014-12-27T16:22:22.4917061+05:30" endTime="2014-12-27T16:22:32.2649580+05:30" testType="13cdc9d9-ddb5-4fa4-a97d-d965ccfc6d4b" outcome="Failed" testListId="8c84fa94-04c1-424b-9868-57a2d4851a1d" relativeResultsDirectory="e18b58cf-bfa0-4b8e-be1b-b4160fbf1099">
      <Output>
        <ErrorInfo>
          <Message>Assert.AreEqual failed. Expected:&lt;Error: Enter second number&gt;. Actual:&lt;2&gt;. </Message>
          <StackTrace>   at Tests.ErrorScenarioTests.PerformAddWithOneElement() in D:\CodingTest\Tests\ErrorScenarioTests.cs:line 24
</StackTrace>
        </ErrorInfo>
      </Output>
    </UnitTestResult>
    <UnitTestResult executionId="028f848f-d176-4ad6-9f35-1afcc17b1ee9" testId="91cdd6e2-2504-8ba2-1aea-4fab1d53d62c" testName="AddIntWithString" computerName="CHELT0304" duration="00:00:09.7615885" startTime="2014-12-27T16:22:32.2739368+05:30" endTime="2014-12-27T16:22:42.0460430+05:30" testType="13cdc9d9-ddb5-4fa4-a97d-d965ccfc6d4b" outcome="Failed" testListId="8c84fa94-04c1-424b-9868-57a2d4851a1d" relativeResultsDirectory="028f848f-d176-4ad6-9f35-1afcc17b1ee9">
      <Output>
        <ErrorInfo>
          <Message>Assert.AreEqual failed. Expected:&lt;Error: Can not add Integer with String&gt;. Actual:&lt;answer&gt;. </Message>
          <StackTrace>   at Tests.AddNumberOfDifferentDatatype.AddIntWithString() in D:\CodingTest\Tests\AddNumberOfDifferentDatatype.cs:line 34
</StackTrace>
        </ErrorInfo>
      </Output>
    </UnitTestResult>
    <UnitTestResult executionId="97f76076-6359-4b62-925c-10b0d9eca164" testId="95a5cf5c-6abc-75b3-6e0d-bfa44c96f30e" testName="AddPositiveAndNegativeDoubleNumberResultsPositiveDoubleNumber" computerName="CHELT0304" duration="00:00:11.2264036" startTime="2014-12-27T16:22:42.0530485+05:30" endTime="2014-12-27T16:22:53.2900246+05:30" testType="13cdc9d9-ddb5-4fa4-a97d-d965ccfc6d4b" outcome="Passed" testListId="8c84fa94-04c1-424b-9868-57a2d4851a1d" relativeResultsDirectory="97f76076-6359-4b62-925c-10b0d9eca164">
    </UnitTestResult>
    <UnitTestResult executionId="a089d24f-8b8a-4ec0-9674-4c723109a037" testId="ad4eb0b6-f395-2fe5-8116-51b519d6771d" testName="AddPositiveAndNegativeIntNumberResultsPositiveNumber" computerName="CHELT0304" duration="00:00:10.3680642" startTime="2014-12-27T16:22:53.3000332+05:30" endTime="2014-12-27T16:23:03.6790321+05:30" testType="13cdc9d9-ddb5-4fa4-a97d-d965ccfc6d4b" outcome="Passed" testListId="8c84fa94-04c1-424b-9868-57a2d4851a1d" relativeResultsDirectory="a089d24f-8b8a-4ec0-9674-4c723109a037">
    </UnitTestResult>
    <UnitTestResult executionId="ef5bf89b-b479-4d46-9b3a-3b68d6018e25" testId="afabbce5-680e-3afb-bb08-a65f4ff80546" testName="LaunchCalculatorInChromeWithHttp" computerName="CHELT0304" duration="00:00:28.1641513" startTime="2014-12-27T16:23:03.6870305+05:30" endTime="2014-12-27T16:23:31.8575648+05:30" testType="13cdc9d9-ddb5-4fa4-a97d-d965ccfc6d4b" outcome="Passed" testListId="8c84fa94-04c1-424b-9868-57a2d4851a1d" relativeResultsDirectory="ef5bf89b-b479-4d46-9b3a-3b68d6018e25">
    </UnitTestResult>
    <UnitTestResult executionId="39341176-e32a-4e4d-9c81-957f093ce9c0" testId="b923aa96-49be-73b8-6f8c-471c92eff67e" testName="AddTwoString" computerName="CHELT0304" duration="00:00:10.9170135" startTime="2014-12-27T16:23:31.8615676+05:30" endTime="2014-12-27T16:23:42.7859444+05:30" testType="13cdc9d9-ddb5-4fa4-a97d-d965ccfc6d4b" outcome="Failed" testListId="8c84fa94-04c1-424b-9868-57a2d4851a1d" relativeResultsDirectory="39341176-e32a-4e4d-9c81-957f093ce9c0">
      <Output>
        <ErrorInfo>
          <Message>Assert.AreEqual failed. Expected:&lt;Error: Incorrect datatype&gt;. Actual:&lt;answer&gt;. </Message>
          <StackTrace>   at Tests.ErrorScenarioTests.AddTwoString() in D:\CodingTest\Tests\ErrorScenarioTests.cs:line 15
</StackTrace>
        </ErrorInfo>
      </Output>
    </UnitTestResult>
    <UnitTestResult executionId="bf1d13d5-3f73-4a1a-a269-e165728813c7" testId="d12a0570-333d-51e3-6656-49dc63a67429" testName="AddPositiveAndNegativeIntNumberResultsNegativeNumber" computerName="CHELT0304" duration="00:00:28.2637384" startTime="2014-12-27T16:23:42.7939508+05:30" endTime="2014-12-27T16:24:11.0690150+05:30" testType="13cdc9d9-ddb5-4fa4-a97d-d965ccfc6d4b" outcome="Failed" testListId="8c84fa94-04c1-424b-9868-57a2d4851a1d" relativeResultsDirectory="bf1d13d5-3f73-4a1a-a269-e165728813c7">
      <Output>
        <ErrorInfo>
          <Message>Assert.AreEqual failed. Expected:&lt;-1&gt;. Actual:&lt;&gt;. </Message>
          <StackTrace>   at Tests.AddTwoNumberTests.AddPositiveAndNegativeIntNumberResultsNegativeNumber() in D:\CodingTest\Tests\AddTwoNumberTests.cs:line 44
</StackTrace>
        </ErrorInfo>
      </Output>
    </UnitTestResult>
    <UnitTestResult executionId="50079fc3-1cb8-407b-ad02-64144ec2011c" testId="d41015ab-d44f-6f3a-82b6-b755a1fef58f" testName="AddIntWithDoubleResultsPositiveNum" computerName="CHELT0304" duration="00:00:11.3718162" startTime="2014-12-27T16:24:11.0760187+05:30" endTime="2014-12-27T16:24:22.4582244+05:30" testType="13cdc9d9-ddb5-4fa4-a97d-d965ccfc6d4b" outcome="Passed" testListId="8c84fa94-04c1-424b-9868-57a2d4851a1d" relativeResultsDirectory="50079fc3-1cb8-407b-ad02-64144ec2011c">
    </UnitTestResult>
    <UnitTestResult executionId="9f59dcc3-c126-46b9-b9dd-11029f10b02d" testId="db269ade-e6c0-aaeb-4e3d-302eb3b507c4" testName="AddTwoDoubleNumber" computerName="CHELT0304" duration="00:00:10.0471715" startTime="2014-12-27T16:24:22.4672310+05:30" endTime="2014-12-27T16:24:32.5228373+05:30" testType="13cdc9d9-ddb5-4fa4-a97d-d965ccfc6d4b" outcome="Passed" testListId="8c84fa94-04c1-424b-9868-57a2d4851a1d" relativeResultsDirectory="9f59dcc3-c126-46b9-b9dd-11029f10b02d">
    </UnitTestResult>
    <UnitTestResult executionId="013c25e2-0703-4574-a2a5-a48dc0e492f4" testId="f0029f6e-1410-3164-5c51-c844f9266c0d" testName="AddTwoNumberWhenOperatorMissing" computerName="CHELT0304" duration="00:00:10.3385470" startTime="2014-12-27T16:24:32.5258397+05:30" endTime="2014-12-27T16:24:42.8699675+05:30" testType="13cdc9d9-ddb5-4fa4-a97d-d965ccfc6d4b" outcome="Failed" testListId="8c84fa94-04c1-424b-9868-57a2d4851a1d" relativeResultsDirectory="013c25e2-0703-4574-a2a5-a48dc0e492f4">
      <Output>
        <ErrorInfo>
          <Message>Assert.AreEqual failed. Expected:&lt;Error: Operator Missing&gt;. Actual:&lt;25&gt;. </Message>
          <StackTrace>   at Tests.ErrorScenarioTests.AddTwoNumberWhenOperatorMissing() in D:\CodingTest\Tests\ErrorScenarioTests.cs:line 32
</StackTrace>
        </ErrorInfo>
      </Output>
    </UnitTestResult>
  </Results>
</TestRun>